[debug] [2022-03-26T20:49:47.510Z] ----------------------------------------------------------------------
[debug] [2022-03-26T20:49:47.513Z] Command:       /usr/local/Cellar/node/17.7.1/bin/node /usr/local/bin/firebase init hosting:github
[debug] [2022-03-26T20:49:47.513Z] CLI Version:   10.4.0
[debug] [2022-03-26T20:49:47.513Z] Platform:      darwin
[debug] [2022-03-26T20:49:47.513Z] Node Version:  v17.7.1
[debug] [2022-03-26T20:49:47.515Z] Time:          Sat Mar 26 2022 16:49:47 GMT-0400 (Eastern Daylight Time)
[debug] [2022-03-26T20:49:47.515Z] ----------------------------------------------------------------------
[debug] 
[debug] [2022-03-26T20:49:47.587Z] > command requires scopes: ["email","openid","https://www.googleapis.com/auth/cloudplatformprojects.readonly","https://www.googleapis.com/auth/firebase","https://www.googleapis.com/auth/cloud-platform"]
[debug] [2022-03-26T20:49:47.587Z] > authorizing via signed-in user (tseliber@stevens.edu)
[info] 
     ######## #### ########  ######## ########     ###     ######  ########
     ##        ##  ##     ## ##       ##     ##  ##   ##  ##       ##
     ######    ##  ########  ######   ########  #########  ######  ######
     ##        ##  ##    ##  ##       ##     ## ##     ##       ## ##
     ##       #### ##     ## ######## ########  ##     ##  ######  ########

You're about to initialize a Firebase project in this directory:

  /Users/tyler/GitHub Repositories/Eat-With-Me-Fork

Before we get started, keep in mind:

  * You are initializing within an existing Firebase project directory

[info] 
=== Project Setup
[info] 
[info] First, let's associate this project directory with a Firebase project.
[info] You can create multiple project aliases by running firebase use --add, 
[info] but for now we'll just set up a default project.
[info] 
[debug] [2022-03-26T20:49:47.591Z] Using project from CLI flag: eat-with-me-deploy-test
[debug] [2022-03-26T20:49:47.594Z] >>> [apiv2][query] GET https://firebase.googleapis.com/v1beta1/projects/eat-with-me-deploy-test [none]
[debug] [2022-03-26T20:49:47.954Z] <<< [apiv2][status] GET https://firebase.googleapis.com/v1beta1/projects/eat-with-me-deploy-test 200
[debug] [2022-03-26T20:49:47.954Z] <<< [apiv2][body] GET https://firebase.googleapis.com/v1beta1/projects/eat-with-me-deploy-test {"projectId":"eat-with-me-deploy-test","projectNumber":"1090716497104","displayName":"Eat-With-Me-Deploy-Test","name":"projects/eat-with-me-deploy-test","resources":{"hostingSite":"eat-with-me-deploy-test","storageBucket":"eat-with-me-deploy-test.appspot.com","locationId":"us-central"},"state":"ACTIVE"}
[info] i  Using project eat-with-me-deploy-test (Eat-With-Me-Deploy-Test) 
[info] 
=== Hosting:github Setup
[info] 
[info] i  Detected a .git folder at /Users/tyler/GitHub Repositories/Eat-With-Me-Fork 
[info] i  Authorizing with GitHub to upload your service account to a GitHub repository's secrets store. 
[info] 
[info] Visit this URL on this device to log in:
[info] https://github.com/login/oauth/authorize?client_id=89cf50f02ac6aaed3484&state=112699833&redirect_uri=http%3A%2F%2Flocalhost%3A9005&scope=read%3Auser%20repo%20public_repo
[info] 
[info] Waiting for authentication...
[debug] [2022-03-26T20:49:48.491Z] >>> HTTP REQUEST POST https://github.com/login/oauth/access_token  
 {"client_id":"89cf50f02ac6aaed3484","client_secret":"3330d14abc895d9a74d5f17cd7a00711fa2c5bf0","code":"8164386ea2ec3f73e91d","redirect_uri":"http://localhost:9005","state":"112699833"}
[debug] [2022-03-26T20:49:48.703Z] <<< HTTP RESPONSE 200 {"server":"GitHub.com","date":"Sat, 26 Mar 2022 20:49:48 GMT","content-type":"application/json; charset=utf-8","transfer-encoding":"chunked","vary":"X-PJAX, X-PJAX-Container, Accept-Encoding, Accept, X-Requested-With","permissions-policy":"interest-cohort=()","etag":"W/\"0dba22b0e4ca862bbd0efee3d8b756fd\"","cache-control":"max-age=0, private, must-revalidate","strict-transport-security":"max-age=31536000; includeSubdomains; preload","x-frame-options":"deny","x-content-type-options":"nosniff","x-xss-protection":"0","referrer-policy":"origin-when-cross-origin, strict-origin-when-cross-origin","expect-ct":"max-age=2592000, report-uri=\"https://api.github.com/_private/browser/errors\"","content-security-policy":"default-src 'none'; base-uri 'self'; block-all-mixed-content; child-src github.com/assets-cdn/worker/ gist.github.com/assets-cdn/worker/; connect-src 'self' uploads.github.com objects-origin.githubusercontent.com www.githubstatus.com collector.githubapp.com collector.github.com api.github.com github-cloud.s3.amazonaws.com github-production-repository-file-5c1aeb.s3.amazonaws.com github-production-upload-manifest-file-7fdce7.s3.amazonaws.com github-production-user-asset-6210df.s3.amazonaws.com cdn.optimizely.com logx.optimizely.com/v1/events translator.github.com wss://alive.github.com; font-src github.githubassets.com; form-action 'self' github.com gist.github.com objects-origin.githubusercontent.com; frame-ancestors 'none'; frame-src render.githubusercontent.com viewscreen.githubusercontent.com notebooks.githubusercontent.com; img-src 'self' data: github.githubassets.com identicons.github.com collector.githubapp.com collector.github.com github-cloud.s3.amazonaws.com secured-user-images.githubusercontent.com/ *.githubusercontent.com; manifest-src 'self'; media-src github.com user-images.githubusercontent.com/; script-src github.githubassets.com; style-src 'unsafe-inline' github.githubassets.com; worker-src github.com/assets-cdn/worker/ gist.github.com/assets-cdn/worker/","x-github-request-id":"E942:29C6:1561AE4:241EADB:623F7C6C"}
[debug] [2022-03-26T20:49:48.710Z] >>> [apiv2][query] GET https://api.github.com/user [none]
[debug] [2022-03-26T20:49:48.943Z] <<< [apiv2][status] GET https://api.github.com/user 200
[debug] [2022-03-26T20:49:48.943Z] <<< [apiv2][body] GET https://api.github.com/user {"login":"Tyler-Seliber","id":42685071,"node_id":"MDQ6VXNlcjQyNjg1MDcx","avatar_url":"https://avatars.githubusercontent.com/u/42685071?v=4","gravatar_id":"","url":"https://api.github.com/users/Tyler-Seliber","html_url":"https://github.com/Tyler-Seliber","followers_url":"https://api.github.com/users/Tyler-Seliber/followers","following_url":"https://api.github.com/users/Tyler-Seliber/following{/other_user}","gists_url":"https://api.github.com/users/Tyler-Seliber/gists{/gist_id}","starred_url":"https://api.github.com/users/Tyler-Seliber/starred{/owner}{/repo}","subscriptions_url":"https://api.github.com/users/Tyler-Seliber/subscriptions","organizations_url":"https://api.github.com/users/Tyler-Seliber/orgs","repos_url":"https://api.github.com/users/Tyler-Seliber/repos","events_url":"https://api.github.com/users/Tyler-Seliber/events{/privacy}","received_events_url":"https://api.github.com/users/Tyler-Seliber/received_events","type":"User","site_admin":false,"name":"Tyler S","company":null,"blog":"","location":null,"email":null,"hireable":null,"bio":null,"twitter_username":null,"public_repos":14,"public_gists":0,"followers":1,"following":1,"created_at":"2018-08-24T22:51:11Z","updated_at":"2022-03-20T21:33:48Z","private_gists":0,"total_private_repos":18,"owned_private_repos":18,"disk_usage":322478,"collaborators":1,"two_factor_authentication":true,"plan":{"name":"pro","space":976562499,"collaborators":0,"private_repos":9999}}
[info] 
[info] ✔  Success! Logged into GitHub as Tyler-Seliber 
[info] 
